<?xml version="1.0" encoding="UTF-8"?>
<!-- Generated by org.testng.reporters.JUnitXMLReporter -->
<testsuite hostname="DESKTOP-FNHP0R0" ignored="0" name="testngTest1" tests="3" failures="0" timestamp="16 Dec 2018 18:25:10 GMT" time="45.907" errors="0">
  <testcase name="LoginNow" time="6.568" classname="com.qa.Test.NewLoginPageTest"/>
  <testcase name="SearchSomething" time="10.64" classname="com.qa.Test.HomePageTest"/>
  <testcase name="PreLogin" time="4.122" classname="com.qa.Test.LoginPageTest"/>
</testsuite> <!-- testngTest1 -->
